<?xml version="1.0" encoding="UTF-8"?>
<testsuite xmlns:xsi="http://www.w3.org/2001/XMLSchema-instance" xsi:noNamespaceSchemaLocation="https://maven.apache.org/surefire/maven-surefire-plugin/xsd/surefire-test-report-3.0.xsd" version="3.0" name="br.com.exemplo.crud.web.tests.ClientesCadastroParametrizadoTest" time="8.746" tests="3" errors="0" skipped="0" failures="0">
  <properties>
[...]
</properties>
  <testcase name="deveCadastrarVariosClientes(String, String)[1]" classname="br.com.exemplo.crud.web.tests.ClientesCadastroParametrizadoTest" time="6.371">
    <system-out><![CDATA[11:56:56.581 [main] INFO io.github.bonigarcia.wdm.WebDriverManager -- Using chromedriver 142.0.7444.175 (resolved driver for Chrome 142)
11:56:56.587 [main] INFO io.github.bonigarcia.wdm.WebDriverManager -- Exporting webdriver.chrome.driver as C:\Users\irmao\.cache\selenium\chromedriver\win64\142.0.7444.175\chromedriver.exe
]]></system-out>
    <system-err><![CDATA[Dec 06, 2025 11:56:57 AM org.openqa.selenium.devtools.CdpVersionFinder findNearestMatch
WARNING: Unable to find CDP implementation matching 142
Dec 06, 2025 11:56:57 AM org.openqa.selenium.chromium.ChromiumDriver lambda$new$5
WARNING: Unable to find version of CDP to use for 142.0.7444.177. You may need to include a dependency on a specific version of the CDP using something similar to `org.seleniumhq.selenium:selenium-devtools-v86:4.19.1` where the version ("v86") matches the version of the chromium-based browser you're using and the version number of the artifact is the same as Selenium's.
]]></system-err>
  </testcase>
  <testcase name="deveCadastrarVariosClientes(String, String)[2]" classname="br.com.exemplo.crud.web.tests.ClientesCadastroParametrizadoTest" time="1.158">
    <system-out><![CDATA[11:57:02.951 [main] INFO io.github.bonigarcia.wdm.WebDriverManager -- Using chromedriver 142.0.7444.175 (resolved driver for Chrome 142)
11:57:02.954 [main] INFO io.github.bonigarcia.wdm.WebDriverManager -- Exporting webdriver.chrome.driver as C:\Users\irmao\.cache\selenium\chromedriver\win64\142.0.7444.175\chromedriver.exe
]]></system-out>
    <system-err><![CDATA[Dec 06, 2025 11:57:03 AM org.openqa.selenium.devtools.CdpVersionFinder findNearestMatch
WARNING: Unable to find CDP implementation matching 142
Dec 06, 2025 11:57:03 AM org.openqa.selenium.chromium.ChromiumDriver lambda$new$5
WARNING: Unable to find version of CDP to use for 142.0.7444.177. You may need to include a dependency on a specific version of the CDP using something similar to `org.seleniumhq.selenium:selenium-devtools-v86:4.19.1` where the version ("v86") matches the version of the chromium-based browser you're using and the version number of the artifact is the same as Selenium's.
]]></system-err>
  </testcase>
  <testcase name="deveCadastrarVariosClientes(String, String)[3]" classname="br.com.exemplo.crud.web.tests.ClientesCadastroParametrizadoTest" time="1.159">
    <system-out><![CDATA[11:57:04.104 [main] INFO io.github.bonigarcia.wdm.WebDriverManager -- Using chromedriver 142.0.7444.175 (resolved driver for Chrome 142)
11:57:04.107 [main] INFO io.github.bonigarcia.wdm.WebDriverManager -- Exporting webdriver.chrome.driver as C:\Users\irmao\.cache\selenium\chromedriver\win64\142.0.7444.175\chromedriver.exe
]]></system-out>
    <system-err><![CDATA[Dec 06, 2025 11:57:04 AM org.openqa.selenium.devtools.CdpVersionFinder findNearestMatch
WARNING: Unable to find CDP implementation matching 142
Dec 06, 2025 11:57:04 AM org.openqa.selenium.chromium.ChromiumDriver lambda$new$5
WARNING: Unable to find version of CDP to use for 142.0.7444.177. You may need to include a dependency on a specific version of the CDP using something similar to `org.seleniumhq.selenium:selenium-devtools-v86:4.19.1` where the version ("v86") matches the version of the chromium-based browser you're using and the version number of the artifact is the same as Selenium's.
]]></system-err>
  </testcase>
</testsuite>